<?xml version="1.0" encoding="UTF-8"?>
<!-- Generated by org.testng.reporters.JUnitReportReporter -->
<testsuite hostname="del1-lhp-n65452" failures="0" tests="1" name="SumValidation" time="2.619" errors="0" timestamp="2021-09-27T14:12:47 IST" skipped="0">
  <testcase classname="SumValidation" name="sumOfCourses" time="2.619"/>
  <system-out/>
</testsuite> <!-- SumValidation -->
