<?xml version="1.0" encoding="UTF-8"?>
<!-- Generated by org.testng.reporters.JUnitReportReporter -->
<testsuite hostname="del1-lhp-n65452" failures="0" tests="1" name="files.DynamicJson" time="3.991" errors="0" timestamp="2021-09-27T20:11:19 IST" skipped="0">
  <testcase classname="files.DynamicJson" name="addBook" time="3.991"/>
  <system-out/>
</testsuite> <!-- files.DynamicJson -->
